<?xml version="1.0" encoding="UTF-8" ?>
<testsuite tests="3" failures="1" name="TestSuite" time="234.844" errors="0" skipped="2">
  <properties>
[...]
</properties>
  <testcase classname="basic_java.TestNGTestCon" name="setUP" time="78.27">
    <failure message="session not created: This version of ChromeDriver only supports Chrome version 77
Build info: version: &apos;3.8.0&apos;, revision: &apos;924c4067df&apos;, time: &apos;2017-11-30T11:20:39.408Z&apos;
System info: host: &apos;SHIFT-PC01&apos;, ip: &apos;172.16.243.165&apos;, os.name: &apos;Windows 7&apos;, os.arch: &apos;amd64&apos;, os.version: &apos;6.1&apos;, java.version: &apos;1.8.0_191&apos;
Driver info: driver.version: ChromeDriver
remote stacktrace: Backtrace:
	Ordinal0 [0x00DFEB13+1501971]
	Ordinal0 [0x00D7F6D1+980689]
	Ordinal0 [0x00D0765F+489055]
	Ordinal0 [0x00C9F2F4+62196]
	Ordinal0 [0x00C9BCDA+48346]
	Ordinal0 [0x00CB9800+169984]
	Ordinal0 [0x00CB942D+169005]
	Ordinal0 [0x00CB78EB+162027]
	Ordinal0 [0x00CA0AC7+68295]
	Ordinal0 [0x00CA1B40+72512]
	Ordinal0 [0x00CA1AD9+72409]
	Ordinal0 [0x00D98F37+1085239]
	GetHandleVerifier [0x00E9D7ED+503293]
	GetHandleVerifier [0x00E9D580+502672]
	GetHandleVerifier [0x00EA46AC+531644]
	GetHandleVerifier [0x00E9DFFA+505354]
	Ordinal0 [0x00D90606+1050118]
	Ordinal0 [0x00D9047F+1049727]
	Ordinal0 [0x00D9AF9B+1093531]
	Ordinal0 [0x00D9B103+1093891]
	Ordinal0 [0x00D9A095+1089685]
	BaseThreadInitThunk [0x753F343D+18]
	RtlInitializeExceptionChain [0x77A89802+99]
	RtlInitializeExceptionChain [0x77A897D5+54]
" type="org.openqa.selenium.SessionNotCreatedException">org.openqa.selenium.SessionNotCreatedException: session not created: This version of ChromeDriver only supports Chrome version 77
Build info: version: &apos;3.8.0&apos;, revision: &apos;924c4067df&apos;, time: &apos;2017-11-30T11:20:39.408Z&apos;
System info: host: &apos;SHIFT-PC01&apos;, ip: &apos;172.16.243.165&apos;, os.name: &apos;Windows 7&apos;, os.arch: &apos;amd64&apos;, os.version: &apos;6.1&apos;, java.version: &apos;1.8.0_191&apos;
Driver info: driver.version: ChromeDriver
remote stacktrace: Backtrace:
	Ordinal0 [0x00DFEB13+1501971]
	Ordinal0 [0x00D7F6D1+980689]
	Ordinal0 [0x00D0765F+489055]
	Ordinal0 [0x00C9F2F4+62196]
	Ordinal0 [0x00C9BCDA+48346]
	Ordinal0 [0x00CB9800+169984]
	Ordinal0 [0x00CB942D+169005]
	Ordinal0 [0x00CB78EB+162027]
	Ordinal0 [0x00CA0AC7+68295]
	Ordinal0 [0x00CA1B40+72512]
	Ordinal0 [0x00CA1AD9+72409]
	Ordinal0 [0x00D98F37+1085239]
	GetHandleVerifier [0x00E9D7ED+503293]
	GetHandleVerifier [0x00E9D580+502672]
	GetHandleVerifier [0x00EA46AC+531644]
	GetHandleVerifier [0x00E9DFFA+505354]
	Ordinal0 [0x00D90606+1050118]
	Ordinal0 [0x00D9047F+1049727]
	Ordinal0 [0x00D9AF9B+1093531]
	Ordinal0 [0x00D9B103+1093891]
	Ordinal0 [0x00D9A095+1089685]
	BaseThreadInitThunk [0x753F343D+18]
	RtlInitializeExceptionChain [0x77A89802+99]
	RtlInitializeExceptionChain [0x77A897D5+54]

	at sun.reflect.NativeConstructorAccessorImpl.newInstance0(Native Method)
	at sun.reflect.NativeConstructorAccessorImpl.newInstance(NativeConstructorAccessorImpl.java:62)
	at sun.reflect.DelegatingConstructorAccessorImpl.newInstance(DelegatingConstructorAccessorImpl.java:45)
	at java.lang.reflect.Constructor.newInstance(Constructor.java:423)
	at org.openqa.selenium.remote.W3CHandshakeResponse.lambda$new$0(W3CHandshakeResponse.java:57)
	at org.openqa.selenium.remote.W3CHandshakeResponse.lambda$getResponseFunction$2(W3CHandshakeResponse.java:104)
	at org.openqa.selenium.remote.ProtocolHandshake.lambda$createSession$0(ProtocolHandshake.java:123)
	at java.util.stream.ReferencePipeline$3$1.accept(ReferencePipeline.java:193)
	at java.util.Spliterators$ArraySpliterator.tryAdvance(Spliterators.java:958)
	at java.util.stream.ReferencePipeline.forEachWithCancel(ReferencePipeline.java:126)
	at java.util.stream.AbstractPipeline.copyIntoWithCancel(AbstractPipeline.java:498)
	at java.util.stream.AbstractPipeline.copyInto(AbstractPipeline.java:485)
	at java.util.stream.AbstractPipeline.wrapAndCopyInto(AbstractPipeline.java:471)
	at java.util.stream.FindOps$FindOp.evaluateSequential(FindOps.java:152)
	at java.util.stream.AbstractPipeline.evaluate(AbstractPipeline.java:234)
	at java.util.stream.ReferencePipeline.findFirst(ReferencePipeline.java:464)
	at org.openqa.selenium.remote.ProtocolHandshake.createSession(ProtocolHandshake.java:126)
	at org.openqa.selenium.remote.ProtocolHandshake.createSession(ProtocolHandshake.java:73)
	at org.openqa.selenium.remote.HttpCommandExecutor.execute(HttpCommandExecutor.java:142)
	at org.openqa.selenium.remote.service.DriverCommandExecutor.execute(DriverCommandExecutor.java:83)
	at org.openqa.selenium.remote.RemoteWebDriver.execute(RemoteWebDriver.java:601)
	at org.openqa.selenium.remote.RemoteWebDriver.startSession(RemoteWebDriver.java:219)
	at org.openqa.selenium.remote.RemoteWebDriver.&lt;init&gt;(RemoteWebDriver.java:142)
	at org.openqa.selenium.chrome.ChromeDriver.&lt;init&gt;(ChromeDriver.java:181)
	at org.openqa.selenium.chrome.ChromeDriver.&lt;init&gt;(ChromeDriver.java:168)
	at org.openqa.selenium.chrome.ChromeDriver.&lt;init&gt;(ChromeDriver.java:123)
	at basic_java.TestNGTestCon.setUP(TestNGTestCon.java:18)
</failure>
    <system-out>Configuring TestNG with: org.apache.maven.surefire.testng.conf.TestNG652Configurator@6ed3ef1
</system-out>
    <system-err>log4j:WARN No appenders could be found for logger (org.apache.http.client.protocol.RequestAddCookies).
log4j:WARN Please initialize the log4j system properly.
Starting ChromeDriver 77.0.3865.40 (f484704e052e0b556f8030b65b953dce96503217-refs/branch-heads/3865@{#442}) on port 18488
Only local connections are allowed.
Please protect ports used by ChromeDriver and related test frameworks to prevent access by malicious code.
</system-err>
  </testcase>
  <testcase classname="basic_java.TestNGTestCon" name="test01" time="78.287">
    <skipped/>
  </testcase>
  <testcase classname="basic_java.TestNGTestCon" name="tearDown" time="78.287">
    <skipped/>
  </testcase>
</testsuite>